<?xml version="1.0" encoding="UTF-8"?>
<!-- Generated by org.testng.reporters.JUnitReportReporter -->
<testsuite hostname="Dell" name="com.koinex_test.Login.LoginTest" tests="1" failures="0" timestamp="20 Mar 2018 05:16:49 GMT" time="11.308" errors="0">
  <testcase name="login" time="11.308" classname="com.koinex_test.Login.LoginTest"/>
</testsuite> <!-- com.koinex_test.Login.LoginTest -->
