<?xml version="1.0" encoding="UTF-8"?>
<!-- Generated by org.testng.reporters.JUnitReportReporter -->
<testsuite hostname="CodeCrafts-MacBook-Pro-2.local" name="com.pers_aip.Sales_Flow.SalesHomeTest" tests="7" failures="0" timestamp="27 Jul 2017 08:28:30 GMT" time="125.355" errors="0">
  <testcase name="ableToContinueToAddAccountScreenWithoutCheckingAnyCheckboxes" time="18.565" classname="com.pers_aip.Sales_Flow.SalesHomeTest"/>
  <testcase name="verifyButtonIsDisabledWhenZipcodeIsLessThan5Digits" time="19.224" classname="com.pers_aip.Sales_Flow.SalesHomeTest"/>
  <testcase name="disableContinueButtonForIncorrectAccountIdFormat" time="17.390" classname="com.pers_aip.Sales_Flow.SalesHomeTest"/>
  <testcase name="validateValidZipcode" time="17.642" classname="com.pers_aip.Sales_Flow.SalesHomeTest"/>
  <testcase name="clickingSkipToLeadButtonShouldDisplayAllLeadScreen" time="19.439" classname="com.pers_aip.Sales_Flow.SalesHomeTest"/>
  <testcase name="validateInvalidZipcode" time="17.042" classname="com.pers_aip.Sales_Flow.SalesHomeTest"/>
  <testcase name="verifyButtonIsDisabledWhenContinueButtonIsBlank" time="16.053" classname="com.pers_aip.Sales_Flow.SalesHomeTest"/>
</testsuite> <!-- com.pers_aip.Sales_Flow.SalesHomeTest -->
